<?xml version="1.0" encoding="UTF-8"?>
<testng-results ignored="0" total="1" passed="1" failed="0" skipped="0">
  <reporter-output>
  </reporter-output>
  <suite started-at="2023-06-23T17:40:12 IST" name="Default suite" finished-at="2023-06-23T17:40:58 IST" duration-ms="46348">
    <groups>
    </groups>
    <test started-at="2023-06-23T17:40:12 IST" name="Default test" finished-at="2023-06-23T17:40:58 IST" duration-ms="46348">
      <class name="com.framework.GenaralHomePage">
        <test-method is-config="true" signature="appiumConfiguration()[pri:0, instance:com.framework.GenaralHomePage@2a265ea9]" started-at="2023-06-23T17:40:12 IST" name="appiumConfiguration" finished-at="2023-06-23T17:40:25 IST" duration-ms="13648" status="PASS">
          <reporter-output>
          </reporter-output>
        </test-method> <!-- appiumConfiguration -->
        <test-method signature="homepageFormFilling()[pri:0, instance:com.framework.GenaralHomePage@2a265ea9]" started-at="2023-06-23T17:40:25 IST" name="homepageFormFilling" finished-at="2023-06-23T17:40:58 IST" duration-ms="32619" status="PASS">
          <reporter-output>
          </reporter-output>
        </test-method> <!-- homepageFormFilling -->
      </class> <!-- com.framework.GenaralHomePage -->
    </test> <!-- Default test -->
  </suite> <!-- Default suite -->
</testng-results>
